Determining if the pthread_create exist failed with the following output:
Change Dir: /home/fotis/Documents/ulster/com760cw2_group16/build/CMakeFiles/CMakeTmp

Run Build Command:"/usr/bin/make" "cmTC_ea40a/fast"
/usr/bin/make -f CMakeFiles/cmTC_ea40a.dir/build.make CMakeFiles/cmTC_ea40a.dir/build
make[1]: Entering directory '/home/fotis/Documents/ulster/com760cw2_group16/build/CMakeFiles/CMakeTmp'
Building C object CMakeFiles/cmTC_ea40a.dir/CheckSymbolExists.c.o
/usr/bin/cc     -o CMakeFiles/cmTC_ea40a.dir/CheckSymbolExists.c.o   -c /home/fotis/Documents/ulster/com760cw2_group16/build/CMakeFiles/CMakeTmp/CheckSymbolExists.c
Linking C executable cmTC_ea40a
/usr/bin/cmake -E cmake_link_script CMakeFiles/cmTC_ea40a.dir/link.txt --verbose=1
/usr/bin/cc       CMakeFiles/cmTC_ea40a.dir/CheckSymbolExists.c.o  -o cmTC_ea40a -rdynamic 
CMakeFiles/cmTC_ea40a.dir/CheckSymbolExists.c.o: In function `main':
CheckSymbolExists.c:(.text+0x16): undefined reference to `pthread_create'
collect2: error: ld returned 1 exit status
CMakeFiles/cmTC_ea40a.dir/build.make:97: recipe for target 'cmTC_ea40a' failed
make[1]: *** [cmTC_ea40a] Error 1
make[1]: Leaving directory '/home/fotis/Documents/ulster/com760cw2_group16/build/CMakeFiles/CMakeTmp'
Makefile:126: recipe for target 'cmTC_ea40a/fast' failed
make: *** [cmTC_ea40a/fast] Error 2

File /home/fotis/Documents/ulster/com760cw2_group16/build/CMakeFiles/CMakeTmp/CheckSymbolExists.c:
/* */
#include <pthread.h>

int main(int argc, char** argv)
{
  (void)argv;
#ifndef pthread_create
  return ((int*)(&pthread_create))[argc];
#else
  (void)argc;
  return 0;
#endif
}

Determining if the function pthread_create exists in the pthreads failed with the following output:
Change Dir: /home/fotis/Documents/ulster/com760cw2_group16/build/CMakeFiles/CMakeTmp

Run Build Command:"/usr/bin/make" "cmTC_f89ae/fast"
/usr/bin/make -f CMakeFiles/cmTC_f89ae.dir/build.make CMakeFiles/cmTC_f89ae.dir/build
make[1]: Entering directory '/home/fotis/Documents/ulster/com760cw2_group16/build/CMakeFiles/CMakeTmp'
Building C object CMakeFiles/cmTC_f89ae.dir/CheckFunctionExists.c.o
/usr/bin/cc    -DCHECK_FUNCTION_EXISTS=pthread_create   -o CMakeFiles/cmTC_f89ae.dir/CheckFunctionExists.c.o   -c /usr/share/cmake-3.5/Modules/CheckFunctionExists.c
Linking C executable cmTC_f89ae
/usr/bin/cmake -E cmake_link_script CMakeFiles/cmTC_f89ae.dir/link.txt --verbose=1
/usr/bin/cc   -DCHECK_FUNCTION_EXISTS=pthread_create    CMakeFiles/cmTC_f89ae.dir/CheckFunctionExists.c.o  -o cmTC_f89ae -rdynamic -lpthreads 
/usr/bin/ld: cannot find -lpthreads
collect2: error: ld returned 1 exit status
CMakeFiles/cmTC_f89ae.dir/build.make:97: recipe for target 'cmTC_f89ae' failed
make[1]: *** [cmTC_f89ae] Error 1
make[1]: Leaving directory '/home/fotis/Documents/ulster/com760cw2_group16/build/CMakeFiles/CMakeTmp'
Makefile:126: recipe for target 'cmTC_f89ae/fast' failed
make: *** [cmTC_f89ae/fast] Error 2


